{
  "start": "2024-01-26T17:22:21.768Z",
  "end": "2024-01-26T17:22:31.939Z",
  "capabilities": {
    "platformName": "android",
    "deviceName": "emulator-5554",
    "platformVersion": "12",
    "automationName": "uiautomator2",
    "app": "/Users/karen/Desktop/Webdriver_io_app_automation/apk/Android-MyDemoAppR.apk",
    "platform": "LINUX",
    "webStorageEnabled": false,
    "takesScreenshot": true,
    "javascriptEnabled": true,
    "databaseEnabled": false,
    "networkConnectionEnabled": true,
    "locationContextEnabled": false,
    "warnings": {},
    "desired": {
      "platformName": "android",
      "deviceName": "Pixel 4 API 31",
      "platformVersion": "12.0",
      "automationName": "uiautomator2",
      "app": "/Users/karen/Desktop/Webdriver_io_app_automation/apk/Android-MyDemoAppR.apk"
    },
    "deviceUDID": "emulator-5554",
    "appPackage": "com.saucelabs.mydemoapp.rn",
    "pixelRatio": "2.75",
    "statBarHeight": 83,
    "viewportRect": {
      "left": 0,
      "top": 83,
      "width": 1080,
      "height": 2197
    },
    "deviceApiLevel": 31,
    "deviceManufacturer": "Google",
    "deviceModel": "sdk_gphone64_x86_64",
    "deviceScreenSize": "1080x2280",
    "deviceScreenDensity": 440,
    "sessionId": "583eb313-f6d8-41ff-b326-3d19e28693e6"
  },
  "host": "127.0.0.1",
  "port": 4723,
  "baseUrl": "http://127.0.0.1",
  "framework": "mocha",
  "mochaOpts": {
    "timeout": 60000,
    "ui": "bdd",
    "reporter": "mochawesome",
    "reporterOptions": {
      "reportDir": "./mochawesome-report",
      "reportName": "index",
      "reportTitle": "My Test Report",
      "inline": true,
      "inlineDiffs": true
    }
  },
  "duration": 10171,
  "suites": [
    {
      "title": "Login Feature",
      "duration": 9725,
      "start": "2024-01-26T17:22:21.773Z",
      "end": "2024-01-26T17:22:31.498Z",
      "tests": [
        {
          "title": "User can log in with valid credentials",
          "start": "2024-01-26T17:22:21.775Z",
          "end": "2024-01-26T17:22:31.496Z",
          "duration": 9721,
          "state": "passed",
          "screenshots": []
        }
      ],
      "hooks": [
        {
          "start": "2024-01-26T17:22:21.773Z",
          "end": "2024-01-26T17:22:21.775Z",
          "duration": 2,
          "title": "\"before all\" hook for Login Feature",
          "associatedSuite": "Login Feature"
        },
        {
          "start": "2024-01-26T17:22:31.496Z",
          "end": "2024-01-26T17:22:31.498Z",
          "duration": 2,
          "title": "\"after all\" hook for Login Feature",
          "associatedSuite": "Login Feature"
        }
      ]
    }
  ],
  "specs": [
    "file:///Users/karen/Desktop/Webdriver_io_app_automation/tests/LoginTest.js"
  ],
  "state": {
    "passed": 1,
    "failed": 0,
    "skipped": 0
  }
}